> Task :clean
> Task :compileJava
> Task :processResources
> Task :classes
> Task :resolveMainClassName
> Task :bootJar
> Task :jar
> Task :assemble
> Task :compileTestJava
> Task :processTestResources NO-SOURCE
> Task :testClasses

> Task :test

ListmeApplicationTests > contextLoads() FAILED
    java.lang.IllegalStateException at DefaultCacheAwareContextLoaderDelegate.java:195
        Caused by: org.springframework.beans.factory.BeanCreationException at AbstractAutowireCapableBeanFactory.java:1817
            Caused by: org.hibernate.service.spi.ServiceException at AbstractServiceRegistryImpl.java:273
                Caused by: org.hibernate.HibernateException at DialectFactoryImpl.java:190
.\gradlew : 
En línea: 1 Carácter: 1
+ .\gradlew clean build > final_build.log 
2>&1
+ ~~~~~~~~~~~~~~~~~~~~~~~~~~~~~~~~~~~~~~~~~
~~~
    + CategoryInfo          : NotSpeci    
fied: (:String) [], RemoteExceptio    n
    + FullyQualifiedErrorId : NativeCo    
mmandError
 
1 test completed, 1 failed

> Task :test FAILED

FAILURE: Build failed with an exception.

* What went wrong:
Execution failed for task ':test'.
> There were failing tests. See the report 
at: file:///C:/Users/Angel/IdeaProjects/lis
tme/build/reports/tests/test/index.html

* Try:
> Run with --scan to get full insights 
from a Build Scan (powered by Develocity).

BUILD FAILED in 13s
8 actionable tasks: 8 executed
